Command 'microk8s kubectl describe pods kubernetes-demo-pod-6 | grep Reason' returned non-zero exit status 1.
Command 'microk8s kubectl describe pods memory-hog-pod | grep Reason' returned non-zero exit status 1.
Command 'microk8s kubectl describe pods memory-hog-pod1 | grep Reason' returned non-zero exit status 1.
Command '/snap/bin/microk8s kubectl describe pods kubernetes-demo-pod-6 | grep Reason' returned non-zero exit status 1.
Command '/snap/bin/microk8s kubectl describe pods kubernetes-demo-pod-6 | grep Reason' returned non-zero exit status 1.
Command '/snap/bin/microk8s kubectl describe pods kubernetes-demo-pod-6 | grep Reason' returned non-zero exit status 1.
test
test
test
test
test
test
test
test
test
test
test
test
test
test
test
test
test
test
test
test
test
wqeq
[('1697361994', 'tommy good', 1), ('5740033148', '瑜楓 黃', 1)]
[('1697361994', 'tommy good', 1), ('5740033148', '瑜楓 黃', 1)]
[('1697361994', 'tommy good', 1), ('5740033148', '瑜楓 黃', 1)]
[('1697361994', 'tommy good', 1), ('5740033148', '瑜楓 黃', 1)]
